2026-06-28 18:17:36 - OptionScanner.Main - INFO - ============================================================
2026-06-28 18:17:36 - OptionScanner.Main - INFO - OPTION STRATEGY SCANNER v3.0 [DSS ENGINE ARCHITECTURE]
2026-06-28 18:17:36 - OptionScanner.Main - INFO - Started at 2026-06-28 18:17:36
2026-06-28 18:17:36 - OptionScanner.Main - INFO - ============================================================
2026-06-28 18:17:36 - OptionScanner.Main - INFO - Loading strategies...
2026-06-28 18:17:37 - OptionScanner.Strategies.Core - INFO - Loaded 13 strategies
2026-06-28 18:17:37 - OptionScanner.Main - INFO - ============================================================
2026-06-28 18:17:37 - OptionScanner.Main - INFO - Scan Mode: CONTINUOUS CYCLE (DSS Enabled)
2026-06-28 18:17:37 - OptionScanner.Main - INFO - Scan Interval: 2 minutes
2026-06-28 18:17:37 - OptionScanner.Main - INFO - Parallel Processing: False (workers: 3)
2026-06-28 18:17:37 - OptionScanner.Main - INFO - ============================================================
2026-06-28 18:17:37 - OptionScanner.Main - INFO - Continuous Decision Support System (DSS) Scan Mode Engaged.
2026-06-28 18:17:37 - OptionScanner.Main - INFO - ============================================================
2026-06-28 18:17:37 - OptionScanner.Main - INFO - Cycle #1 started at 2026-06-28 18:17:37
2026-06-28 18:17:37 - OptionScanner.Main - INFO - ============================================================
2026-06-28 18:17:37 - OptionScanner.Main - INFO - Fetching market snapshot...
2026-06-28 18:17:37 - OptionScanner.Data.Manager - INFO - Attempting to fetch from TSETMC (direct)...
2026-06-28 18:17:37 - OptionScanner.Data.Downloader - INFO - Fetching data from TSETMC (direct)...
2026-06-28 18:17:52 - OptionScanner.Data.Downloader - WARNING - TSETMC direct: timeout
2026-06-28 18:17:52 - OptionScanner.Data.Manager - INFO - Attempting to fetch from TSETMC (with DNS bypass)...
2026-06-28 18:17:52 - OptionScanner.Data.Downloader - INFO - Fetching data from TSETMC (with DNS bypass)...
2026-06-28 19:05:05 - OptionScanner.Main - INFO - ============================================================
2026-06-28 19:05:05 - OptionScanner.Main - INFO - OPTION STRATEGY SCANNER v3.0 [DSS ENGINE ARCHITECTURE]
2026-06-28 19:05:05 - OptionScanner.Main - INFO - Started at 2026-06-28 19:05:05
2026-06-28 19:05:05 - OptionScanner.Main - INFO - ============================================================
2026-06-28 19:05:05 - OptionScanner.Main - INFO - Loading strategies...
2026-06-28 19:05:05 - OptionScanner.Strategies.Core - INFO - Loaded 13 strategies
2026-06-28 19:05:05 - OptionScanner.Main - INFO - ============================================================
2026-06-28 19:05:05 - OptionScanner.Main - INFO - Scan Mode: CONTINUOUS CYCLE (DSS Enabled)
2026-06-28 19:05:05 - OptionScanner.Main - INFO - Scan Interval: 2 minutes
2026-06-28 19:05:05 - OptionScanner.Main - INFO - Parallel Processing: False (workers: 3)
2026-06-28 19:05:05 - OptionScanner.Main - INFO - ============================================================
2026-06-28 19:05:05 - OptionScanner.Main - INFO - Continuous Decision Support System (DSS) Scan Mode Engaged.
2026-06-28 19:05:05 - OptionScanner.Main - INFO - ============================================================
2026-06-28 19:05:05 - OptionScanner.Main - INFO - Cycle #1 started at 2026-06-28 19:05:05
2026-06-28 19:05:05 - OptionScanner.Main - INFO - ============================================================
2026-06-28 19:05:05 - OptionScanner.Main - INFO - Fetching market snapshot...
2026-06-28 19:05:05 - OptionScanner.Data.Manager - INFO - Attempting to fetch from TSETMC (direct)...
2026-06-28 19:05:05 - OptionScanner.Data.Downloader - INFO - Fetching data from TSETMC (direct)...
2026-06-28 19:05:58 - OptionScanner.Main - INFO - ============================================================
2026-06-28 19:05:58 - OptionScanner.Main - INFO - OPTION STRATEGY SCANNER v3.0 [DSS ENGINE ARCHITECTURE]
2026-06-28 19:05:58 - OptionScanner.Main - INFO - Started at 2026-06-28 19:05:58
2026-06-28 19:05:58 - OptionScanner.Main - INFO - ============================================================
2026-06-28 19:05:58 - OptionScanner.Main - INFO - Loading strategies...
2026-06-28 19:05:58 - OptionScanner.Strategies.Core - INFO - Loaded 13 strategies
2026-06-28 19:05:58 - OptionScanner.Main - INFO - ============================================================
2026-06-28 19:05:58 - OptionScanner.Main - INFO - Scan Mode: CONTINUOUS CYCLE (DSS Enabled)
2026-06-28 19:05:58 - OptionScanner.Main - INFO - Scan Interval: 2 minutes
2026-06-28 19:05:58 - OptionScanner.Main - INFO - Parallel Processing: False (workers: 3)
2026-06-28 19:05:58 - OptionScanner.Main - INFO - ============================================================
2026-06-28 19:05:58 - OptionScanner.Main - INFO - Continuous Decision Support System (DSS) Scan Mode Engaged.
2026-06-28 19:05:58 - OptionScanner.Main - INFO - ============================================================
2026-06-28 19:05:58 - OptionScanner.Main - INFO - Cycle #1 started at 2026-06-28 19:05:58
2026-06-28 19:05:58 - OptionScanner.Main - INFO - ============================================================
2026-06-28 19:05:58 - OptionScanner.Main - INFO - Fetching market snapshot...
2026-06-28 19:05:58 - OptionScanner.Data.Manager - INFO - Attempting to fetch from TSETMC (direct)...
2026-06-28 19:05:58 - OptionScanner.Data.Downloader - INFO - Fetching data from TSETMC (direct)...
2026-06-28 19:06:13 - OptionScanner.Data.Downloader - WARNING - TSETMC direct: timeout
2026-06-28 19:06:13 - OptionScanner.Data.Manager - INFO - Attempting to fetch from TSETMC (with DNS bypass)...
2026-06-28 19:06:13 - OptionScanner.Data.Downloader - INFO - Fetching data from TSETMC (with DNS bypass)...
2026-06-28 19:06:23 - OptionScanner.Data.Downloader - WARNING - TSETMC with bypass: connection error
2026-06-28 19:06:23 - OptionScanner.Data.Manager - INFO - Attempting to fetch from Optionschool24...
2026-06-28 19:06:23 - OptionScanner.Data.Downloader - INFO - Fetching data from Optionschool24...
2026-06-28 19:06:33 - OptionScanner.Data.Downloader - WARNING - Optionschool24 fetch failed: HTTPSConnectionPool(host='s3.optionschool24.com', port=443): Max retries exceeded with url: /last?type=3 (Caused by ProxyError('Unable to connect to proxy', OSError('Tunnel connection failed: 503 Service Unavailable')))
2026-06-28 19:06:33 - OptionScanner.Data.Manager - WARNING - All live sources failed. Trying expired cache as fallback...
2026-06-28 19:06:33 - OptionScanner.Data.Manager - WARNING - Using expired cache fallback: 57 contracts
2026-06-28 19:06:33 - OptionScanner.Main - INFO - MarketSnapshot: 57 contracts, 1 underlyings.
2026-06-28 19:06:33 - OptionScanner.Main - INFO - Invoking ScannerEngine...
2026-06-28 19:06:33 - OptionScanner.Engine.ScannerEngine - INFO - ScannerEngine V4 initialized: 57 contracts, parallel=False, workers=3
2026-06-28 19:06:33 - OptionScanner.Engine.ScannerEngine - INFO - Starting full market scan for 1 underlying assets...
2026-06-28 19:06:33 - OptionScanner.Engine.ScannerEngine - INFO - Filter 1 (_filter_min_volume): 1 -> 1 tickers remaining.
2026-06-28 19:06:33 - OptionScanner.Engine.ScannerEngine - INFO - Filter 2 (_filter_min_options): 1 -> 1 tickers remaining.
2026-06-28 19:06:48 - OptionScanner.Engine.ScannerEngine - INFO - Loaded 13 strategies for this scan cycle.
2026-06-28 19:06:51 - OptionScanner.Engine.ScannerEngine - INFO - Using sequential execution mode.
2026-06-28 19:07:35 - OptionScanner.Engine.TickerScanner - INFO - Scanning اهرم: 57 contracts
2026-06-28 19:09:01 - OptionScanner.Main - INFO - ============================================================
2026-06-28 19:09:01 - OptionScanner.Main - INFO - OPTION STRATEGY SCANNER v3.0 [DSS ENGINE ARCHITECTURE]
2026-06-28 19:09:01 - OptionScanner.Main - INFO - Started at 2026-06-28 19:09:01
2026-06-28 19:09:01 - OptionScanner.Main - INFO - ============================================================
2026-06-28 19:09:01 - OptionScanner.Main - INFO - Loading strategies...
2026-06-28 19:09:01 - OptionScanner.Strategies.Core - INFO - Loaded 13 strategies
2026-06-28 19:09:01 - OptionScanner.Main - INFO - ============================================================
2026-06-28 19:09:01 - OptionScanner.Main - INFO - Scan Mode: CONTINUOUS CYCLE (DSS Enabled)
2026-06-28 19:09:01 - OptionScanner.Main - INFO - Scan Interval: 2 minutes
2026-06-28 19:09:01 - OptionScanner.Main - INFO - Parallel Processing: False (workers: 3)
2026-06-28 19:09:01 - OptionScanner.Main - INFO - ============================================================
2026-06-28 19:09:01 - OptionScanner.Main - INFO - Continuous Decision Support System (DSS) Scan Mode Engaged.
2026-06-28 19:09:01 - OptionScanner.Main - INFO - ============================================================
2026-06-28 19:09:01 - OptionScanner.Main - INFO - Cycle #1 started at 2026-06-28 19:09:01
2026-06-28 19:09:01 - OptionScanner.Main - INFO - ============================================================
2026-06-28 19:09:01 - OptionScanner.Main - INFO - Fetching market snapshot...
2026-06-28 19:09:01 - OptionScanner.Data.Manager - INFO - Attempting to fetch from TSETMC (direct)...
2026-06-28 19:09:01 - OptionScanner.Data.Downloader - INFO - Fetching data from TSETMC (direct)...
2026-06-28 19:09:16 - OptionScanner.Data.Downloader - WARNING - TSETMC direct: timeout
2026-06-28 19:09:16 - OptionScanner.Data.Manager - INFO - Attempting to fetch from TSETMC (with DNS bypass)...
2026-06-28 19:09:16 - OptionScanner.Data.Downloader - INFO - Fetching data from TSETMC (with DNS bypass)...
2026-06-28 19:09:27 - OptionScanner.Data.Downloader - WARNING - TSETMC with bypass: connection error
2026-06-28 19:09:27 - OptionScanner.Data.Manager - INFO - Attempting to fetch from Optionschool24...
2026-06-28 19:09:27 - OptionScanner.Data.Downloader - INFO - Fetching data from Optionschool24...
2026-06-28 19:09:40 - OptionScanner.Data.Downloader - WARNING - Optionschool24 fetch failed: HTTPSConnectionPool(host='s3.optionschool24.com', port=443): Max retries exceeded with url: /last?type=3 (Caused by ProxyError('Unable to connect to proxy', OSError('Tunnel connection failed: 503 Service Unavailable')))
2026-06-28 19:09:40 - OptionScanner.Data.Manager - WARNING - All live sources failed. Trying expired cache as fallback...
2026-06-28 19:09:40 - OptionScanner.Data.Manager - WARNING - Using expired cache fallback: 57 contracts
2026-06-28 19:09:40 - OptionScanner.Main - INFO - MarketSnapshot: 57 contracts, 1 underlyings.
2026-06-28 19:09:40 - OptionScanner.Main - INFO - Invoking ScannerEngine...
2026-06-28 19:09:40 - OptionScanner.Engine.ScannerEngine - INFO - ScannerEngine V4 initialized: 57 contracts, parallel=False, workers=3
2026-06-28 19:09:40 - OptionScanner.Engine.ScannerEngine - INFO - Starting full market scan for 1 underlying assets...
2026-06-28 19:09:40 - OptionScanner.Engine.ScannerEngine - INFO - Filter 1 (_filter_min_volume): 1 -> 1 tickers remaining.
2026-06-28 19:09:40 - OptionScanner.Engine.ScannerEngine - INFO - Filter 2 (_filter_min_options): 1 -> 1 tickers remaining.
2026-06-28 19:09:50 - OptionScanner.Engine.ScannerEngine - INFO - Loaded 13 strategies for this scan cycle.
2026-06-28 19:09:50 - OptionScanner.Engine.ScannerEngine - INFO - Using sequential execution mode.
2026-06-28 19:10:02 - OptionScanner.Engine.TickerScanner - INFO - Scanning اهرم: 57 contracts
2026-06-28 19:11:04 - OptionScanner.Main - INFO - ============================================================
2026-06-28 19:11:04 - OptionScanner.Main - INFO - OPTION STRATEGY SCANNER v3.0 [DSS ENGINE ARCHITECTURE]
2026-06-28 19:11:04 - OptionScanner.Main - INFO - Started at 2026-06-28 19:11:04
2026-06-28 19:11:04 - OptionScanner.Main - INFO - ============================================================
2026-06-28 19:11:04 - OptionScanner.Main - INFO - Loading strategies...
2026-06-28 19:11:04 - OptionScanner.Strategies.Core - INFO - Loaded 13 strategies
2026-06-28 19:11:04 - OptionScanner.Main - INFO - ============================================================
2026-06-28 19:11:04 - OptionScanner.Main - INFO - Scan Mode: CONTINUOUS CYCLE (DSS Enabled)
2026-06-28 19:11:04 - OptionScanner.Main - INFO - Scan Interval: 2 minutes
2026-06-28 19:11:04 - OptionScanner.Main - INFO - Parallel Processing: False (workers: 3)
2026-06-28 19:11:04 - OptionScanner.Main - INFO - ============================================================
2026-06-28 19:11:04 - OptionScanner.Main - INFO - Continuous Decision Support System (DSS) Scan Mode Engaged.
2026-06-28 19:11:04 - OptionScanner.Main - INFO - ============================================================
2026-06-28 19:11:04 - OptionScanner.Main - INFO - Cycle #1 started at 2026-06-28 19:11:04
2026-06-28 19:11:04 - OptionScanner.Main - INFO - ============================================================
2026-06-28 19:11:04 - OptionScanner.Main - INFO - Fetching market snapshot...
2026-06-28 19:11:04 - OptionScanner.Data.Manager - INFO - Attempting to fetch from TSETMC (direct)...
2026-06-28 19:11:04 - OptionScanner.Data.Downloader - INFO - Fetching data from TSETMC (direct)...
2026-06-28 19:11:19 - OptionScanner.Data.Downloader - WARNING - TSETMC direct: timeout
2026-06-28 19:11:19 - OptionScanner.Data.Manager - INFO - Attempting to fetch from TSETMC (with DNS bypass)...
2026-06-28 19:11:19 - OptionScanner.Data.Downloader - INFO - Fetching data from TSETMC (with DNS bypass)...
2026-06-28 19:11:30 - OptionScanner.Data.Downloader - WARNING - TSETMC with bypass: connection error
2026-06-28 19:11:30 - OptionScanner.Data.Manager - INFO - Attempting to fetch from Optionschool24...
2026-06-28 19:11:30 - OptionScanner.Data.Downloader - INFO - Fetching data from Optionschool24...
